[11.273s] DEBUG:colcon:Command line arguments: ['/usr/bin/colcon', 'build', '--symlink-install']
[11.273s] DEBUG:colcon:Parsed command line arguments: Namespace(log_base=None, log_level=None, verb_name='build', build_base='build', install_base='install', merge_install=False, symlink_install=True, test_result_base=None, continue_on_error=False, executor='parallel', parallel_workers=4, event_handlers=None, ignore_user_meta=False, metas=['./colcon.meta'], base_paths=['.'], packages_ignore=None, packages_ignore_regex=None, paths=None, packages_up_to=None, packages_up_to_regex=None, packages_above=None, packages_above_and_dependencies=None, packages_above_depth=None, packages_select_by_dep=None, packages_skip_by_dep=None, packages_skip_up_to=None, packages_select_build_failed=False, packages_skip_build_finished=False, packages_select_test_failures=False, packages_skip_test_passed=False, packages_select=None, packages_skip=None, packages_select_regex=None, packages_skip_regex=None, packages_start=None, packages_end=None, allow_overriding=[], cmake_args=None, cmake_target=None, cmake_target_skip_unavailable=False, cmake_clean_cache=False, cmake_clean_first=False, cmake_force_configure=False, ament_cmake_args=None, catkin_cmake_args=None, catkin_skip_building_tests=False, verb_parser=<colcon_defaults.argument_parser.defaults.DefaultArgumentsDecorator object at 0x7f86d9aabe80>, verb_extension=<colcon_core.verb.build.BuildVerb object at 0x7f86d9f11810>, main=<bound method BuildVerb.main of <colcon_core.verb.build.BuildVerb object at 0x7f86d9f11810>>)
[11.633s] Level 1:colcon.colcon_core.package_discovery:discover_packages(colcon_meta) check parameters
[11.634s] Level 1:colcon.colcon_core.package_discovery:discover_packages(recursive) check parameters
[11.634s] Level 1:colcon.colcon_core.package_discovery:discover_packages(ignore) check parameters
[11.635s] Level 1:colcon.colcon_core.package_discovery:discover_packages(path) check parameters
[11.635s] Level 1:colcon.colcon_core.package_discovery:discover_packages(colcon_meta) discover
[11.636s] Level 1:colcon.colcon_core.package_discovery:discover_packages(recursive) discover
[11.636s] INFO:colcon.colcon_core.package_discovery:Crawling recursively for packages in '/home/provalarous/ros2/src/autonomous_tb3/autonomous_tb3'
[11.637s] Level 1:colcon.colcon_core.package_identification:_identify(.) by extensions ['ignore', 'ignore_ament_install']
[11.637s] Level 1:colcon.colcon_core.package_identification:_identify(.) by extension 'ignore'
[11.638s] Level 1:colcon.colcon_core.package_identification:_identify(.) by extension 'ignore_ament_install'
[11.638s] Level 1:colcon.colcon_core.package_identification:_identify(.) by extensions ['colcon_pkg']
[11.639s] Level 1:colcon.colcon_core.package_identification:_identify(.) by extension 'colcon_pkg'
[11.639s] Level 1:colcon.colcon_core.package_identification:_identify(.) by extensions ['colcon_meta']
[11.639s] Level 1:colcon.colcon_core.package_identification:_identify(.) by extension 'colcon_meta'
[11.639s] Level 1:colcon.colcon_core.package_identification:_identify(.) by extensions ['ros']
[11.639s] Level 1:colcon.colcon_core.package_identification:_identify(.) by extension 'ros'
[11.704s] Level 1:colcon.colcon_core.package_identification:_identify(.) by extensions ['cmake', 'python']
[11.704s] Level 1:colcon.colcon_core.package_identification:_identify(.) by extension 'cmake'
[11.706s] Level 1:colcon.colcon_core.package_identification:_identify(.) by extension 'python'
[11.707s] Level 1:colcon.colcon_core.package_identification:_identify(.) by extensions ['python_setup_py']
[11.707s] Level 1:colcon.colcon_core.package_identification:_identify(.) by extension 'python_setup_py'
[11.707s] Level 1:colcon.colcon_core.package_identification:_identify(build) by extensions ['ignore', 'ignore_ament_install']
[11.707s] Level 1:colcon.colcon_core.package_identification:_identify(build) by extension 'ignore'
[11.708s] Level 1:colcon.colcon_core.package_identification:_identify(build) ignored
[11.708s] Level 1:colcon.colcon_core.package_identification:_identify(install) by extensions ['ignore', 'ignore_ament_install']
[11.708s] Level 1:colcon.colcon_core.package_identification:_identify(install) by extension 'ignore'
[11.708s] Level 1:colcon.colcon_core.package_identification:_identify(install) ignored
[11.709s] Level 1:colcon.colcon_core.package_identification:_identify(log) by extensions ['ignore', 'ignore_ament_install']
[11.709s] Level 1:colcon.colcon_core.package_identification:_identify(log) by extension 'ignore'
[11.709s] Level 1:colcon.colcon_core.package_identification:_identify(log) ignored
[11.709s] Level 1:colcon.colcon_core.package_discovery:discover_packages(recursive) using defaults
[11.709s] Level 1:colcon.colcon_core.package_discovery:discover_packages(ignore) discover
[11.709s] Level 1:colcon.colcon_core.package_discovery:discover_packages(ignore) using defaults
[11.709s] Level 1:colcon.colcon_core.package_discovery:discover_packages(path) discover
[11.709s] Level 1:colcon.colcon_core.package_discovery:discover_packages(path) using defaults
[12.486s] Level 1:colcon.colcon_core.package_discovery:discover_packages(prefix_path) check parameters
[12.487s] Level 1:colcon.colcon_core.package_discovery:discover_packages(prefix_path) discover
[12.742s] DEBUG:colcon.colcon_installed_package_information.package_discovery:Found 1 installed packages in /home/provalarous/ros2_ws/install
[12.841s] DEBUG:colcon.colcon_installed_package_information.package_discovery:Found 1 installed packages in /home/provalarous/ros2/install
[13.006s] DEBUG:colcon.colcon_installed_package_information.package_discovery:Found 2 installed packages in /home/provalarous/robot_prototype_ws/install
[13.124s] DEBUG:colcon.colcon_installed_package_information.package_discovery:Found 386 installed packages in /opt/ros/humble
[13.132s] Level 1:colcon.colcon_core.package_discovery:discover_packages(prefix_path) using defaults
[13.874s] INFO:colcon.colcon_core.executor:Executing jobs using 'parallel' executor
[13.981s] DEBUG:colcon.colcon_parallel_executor.executor.parallel:run_until_complete
[13.981s] DEBUG:colcon.colcon_parallel_executor.executor.parallel:closing loop
[13.982s] DEBUG:colcon.colcon_parallel_executor.executor.parallel:loop closed
[13.982s] DEBUG:colcon.colcon_parallel_executor.executor.parallel:run_until_complete finished with '0'
[13.982s] DEBUG:colcon.colcon_core.event_reactor:joining thread
[14.274s] INFO:colcon.colcon_core.plugin_system:Skipping extension 'colcon_notification.desktop_notification.terminal_notifier': Not used on non-Darwin systems
[14.275s] INFO:colcon.colcon_core.plugin_system:Skipping extension 'colcon_notification.desktop_notification.win32': Not used on non-Windows systems
[14.275s] INFO:colcon.colcon_notification.desktop_notification:Sending desktop notification using 'notify2'
[14.609s] DEBUG:colcon.colcon_core.event_reactor:joined thread
[14.826s] INFO:colcon.colcon_core.plugin_system:Skipping extension 'colcon_core.shell.bat': Not used on non-Windows systems
[14.827s] INFO:colcon.colcon_core.shell:Creating prefix script '/home/provalarous/ros2/src/autonomous_tb3/autonomous_tb3/install/local_setup.ps1'
[14.832s] INFO:colcon.colcon_core.shell:Creating prefix util module '/home/provalarous/ros2/src/autonomous_tb3/autonomous_tb3/install/_local_setup_util_ps1.py'
[14.848s] INFO:colcon.colcon_core.shell:Creating prefix chain script '/home/provalarous/ros2/src/autonomous_tb3/autonomous_tb3/install/setup.ps1'
[15.011s] INFO:colcon.colcon_core.shell:Creating prefix script '/home/provalarous/ros2/src/autonomous_tb3/autonomous_tb3/install/local_setup.sh'
[15.013s] INFO:colcon.colcon_core.shell:Creating prefix util module '/home/provalarous/ros2/src/autonomous_tb3/autonomous_tb3/install/_local_setup_util_sh.py'
[15.016s] INFO:colcon.colcon_core.shell:Creating prefix chain script '/home/provalarous/ros2/src/autonomous_tb3/autonomous_tb3/install/setup.sh'
[15.129s] INFO:colcon.colcon_core.shell:Creating prefix script '/home/provalarous/ros2/src/autonomous_tb3/autonomous_tb3/install/local_setup.bash'
[15.131s] INFO:colcon.colcon_core.shell:Creating prefix chain script '/home/provalarous/ros2/src/autonomous_tb3/autonomous_tb3/install/setup.bash'
[15.233s] INFO:colcon.colcon_core.shell:Creating prefix script '/home/provalarous/ros2/src/autonomous_tb3/autonomous_tb3/install/local_setup.zsh'
[15.235s] INFO:colcon.colcon_core.shell:Creating prefix chain script '/home/provalarous/ros2/src/autonomous_tb3/autonomous_tb3/install/setup.zsh'
